[debug] [2022-10-12T11:22:43.207Z] ----------------------------------------------------------------------
[debug] [2022-10-12T11:22:43.208Z] Command:       /Users/anushankar/.nvm/versions/node/v14.18.3/bin/node /Users/anushankar/.nvm/versions/node/v14.18.3/bin/firebase init
[debug] [2022-10-12T11:22:43.209Z] CLI Version:   11.14.2
[debug] [2022-10-12T11:22:43.209Z] Platform:      darwin
[debug] [2022-10-12T11:22:43.209Z] Node Version:  v14.18.3
[debug] [2022-10-12T11:22:43.210Z] Time:          Wed Oct 12 2022 16:52:43 GMT+0530 (India Standard Time)
[debug] [2022-10-12T11:22:43.210Z] ----------------------------------------------------------------------
[debug] 
[debug] [2022-10-12T11:22:43.212Z] >>> [apiv2][query] GET https://firebase-public.firebaseio.com/cli.json [none]
[debug] [2022-10-12T11:22:43.231Z] > command requires scopes: ["email","openid","https://www.googleapis.com/auth/cloudplatformprojects.readonly","https://www.googleapis.com/auth/firebase","https://www.googleapis.com/auth/cloud-platform"]
[debug] [2022-10-12T11:22:43.232Z] > authorizing via signed-in user (anushankardivakaran@gmail.com)
[info] 
     ######## #### ########  ######## ########     ###     ######  ########
     ##        ##  ##     ## ##       ##     ##  ##   ##  ##       ##
     ######    ##  ########  ######   ########  #########  ######  ######
     ##        ##  ##    ##  ##       ##     ## ##     ##       ## ##
     ##       #### ##     ## ######## ########  ##     ##  ######  ########

You're about to initialize a Firebase project in this directory:

  /Users/anushankar/Desktop/work/personal/learning/exercise

[debug] [2022-10-12T11:22:43.880Z] <<< [apiv2][status] GET https://firebase-public.firebaseio.com/cli.json 200
[debug] [2022-10-12T11:22:43.881Z] <<< [apiv2][body] GET https://firebase-public.firebaseio.com/cli.json {"cloudBuildErrorAfter":1594252800000,"cloudBuildWarnAfter":1590019200000,"defaultNode10After":1594252800000,"minVersion":"3.0.5","node8DeploysDisabledAfter":1613390400000,"node8RuntimeDisabledAfter":1615809600000,"node8WarnAfter":1600128000000}
[info] 
=== Project Setup
[info] 
[info] First, let's associate this project directory with a Firebase project.
[info] You can create multiple project aliases by running firebase use --add, 
[info] but for now we'll just set up a default project.
[info] 
[debug] [2022-10-12T11:23:03.878Z] > refreshing access token with scopes: []
[debug] [2022-10-12T11:23:03.880Z] >>> [apiv2][query] POST https://www.googleapis.com/oauth2/v3/token [none]
[debug] [2022-10-12T11:23:03.880Z] >>> [apiv2][body] POST https://www.googleapis.com/oauth2/v3/token [omitted]
[debug] [2022-10-12T11:23:04.048Z] <<< [apiv2][status] POST https://www.googleapis.com/oauth2/v3/token 400
[debug] [2022-10-12T11:23:04.048Z] <<< [apiv2][body] POST https://www.googleapis.com/oauth2/v3/token [omitted]
[debug] [2022-10-12T11:23:04.049Z] >>> [apiv2][query] GET https://firebase.googleapis.com/v1beta1/projects pageSize=100
[debug] [2022-10-12T11:23:04.394Z] <<< [apiv2][status] GET https://firebase.googleapis.com/v1beta1/projects 401
[debug] [2022-10-12T11:23:04.395Z] <<< [apiv2][body] GET https://firebase.googleapis.com/v1beta1/projects [omitted]
[debug] [2022-10-12T11:23:04.396Z] HTTP Error: 401, Request had invalid authentication credentials. Expected OAuth 2 access token, login cookie or other valid authentication credential. See https://developers.google.com/identity/sign-in/web/devconsole-project.
[debug] [2022-10-12T11:23:04.538Z] FirebaseError: HTTP Error: 401, Request had invalid authentication credentials. Expected OAuth 2 access token, login cookie or other valid authentication credential. See https://developers.google.com/identity/sign-in/web/devconsole-project.
    at responseToError (/Users/anushankar/.nvm/versions/node/v14.18.3/lib/node_modules/firebase-tools/lib/responseToError.js:49:12)
    at RetryOperation._fn (/Users/anushankar/.nvm/versions/node/v14.18.3/lib/node_modules/firebase-tools/lib/apiv2.js:288:77)
    at processTicksAndRejections (internal/process/task_queues.js:95:5)
[error] 
[error] Error: Failed to list Firebase projects. See firebase-debug.log for more info.
[debug] [2022-10-12T11:23:10.331Z] ----------------------------------------------------------------------
[debug] [2022-10-12T11:23:10.332Z] Command:       /Users/anushankar/.nvm/versions/node/v14.18.3/bin/node /Users/anushankar/.nvm/versions/node/v14.18.3/bin/firebase init
[debug] [2022-10-12T11:23:10.333Z] CLI Version:   11.14.2
[debug] [2022-10-12T11:23:10.333Z] Platform:      darwin
[debug] [2022-10-12T11:23:10.333Z] Node Version:  v14.18.3
[debug] [2022-10-12T11:23:10.334Z] Time:          Wed Oct 12 2022 16:53:10 GMT+0530 (India Standard Time)
[debug] [2022-10-12T11:23:10.334Z] ----------------------------------------------------------------------
[debug] 
[debug] [2022-10-12T11:23:10.339Z] > command requires scopes: ["email","openid","https://www.googleapis.com/auth/cloudplatformprojects.readonly","https://www.googleapis.com/auth/firebase","https://www.googleapis.com/auth/cloud-platform"]
[debug] [2022-10-12T11:23:10.339Z] > authorizing via signed-in user (anushankardivakaran@gmail.com)
[info] 
     ######## #### ########  ######## ########     ###     ######  ########
     ##        ##  ##     ## ##       ##     ##  ##   ##  ##       ##
     ######    ##  ########  ######   ########  #########  ######  ######
     ##        ##  ##    ##  ##       ##     ## ##     ##       ## ##
     ##       #### ##     ## ######## ########  ##     ##  ######  ########

You're about to initialize a Firebase project in this directory:

  /Users/anushankar/Desktop/work/personal/learning/exercise

[info] 
=== Project Setup
[info] 
[info] First, let's associate this project directory with a Firebase project.
[info] You can create multiple project aliases by running firebase use --add, 
[info] but for now we'll just set up a default project.
[info] 
[debug] [2022-10-12T11:23:32.706Z] > refreshing access token with scopes: []
[debug] [2022-10-12T11:23:32.710Z] >>> [apiv2][query] POST https://www.googleapis.com/oauth2/v3/token [none]
[debug] [2022-10-12T11:23:32.710Z] >>> [apiv2][body] POST https://www.googleapis.com/oauth2/v3/token [omitted]
[debug] [2022-10-12T11:23:32.911Z] <<< [apiv2][status] POST https://www.googleapis.com/oauth2/v3/token 400
[debug] [2022-10-12T11:23:32.911Z] <<< [apiv2][body] POST https://www.googleapis.com/oauth2/v3/token [omitted]
[debug] [2022-10-12T11:23:32.913Z] >>> [apiv2][query] GET https://firebase.googleapis.com/v1beta1/projects pageSize=100
[debug] [2022-10-12T11:23:33.149Z] <<< [apiv2][status] GET https://firebase.googleapis.com/v1beta1/projects 401
[debug] [2022-10-12T11:23:33.149Z] <<< [apiv2][body] GET https://firebase.googleapis.com/v1beta1/projects [omitted]
[debug] [2022-10-12T11:23:33.150Z] HTTP Error: 401, Request had invalid authentication credentials. Expected OAuth 2 access token, login cookie or other valid authentication credential. See https://developers.google.com/identity/sign-in/web/devconsole-project.
[debug] [2022-10-12T11:23:33.315Z] FirebaseError: HTTP Error: 401, Request had invalid authentication credentials. Expected OAuth 2 access token, login cookie or other valid authentication credential. See https://developers.google.com/identity/sign-in/web/devconsole-project.
    at responseToError (/Users/anushankar/.nvm/versions/node/v14.18.3/lib/node_modules/firebase-tools/lib/responseToError.js:49:12)
    at RetryOperation._fn (/Users/anushankar/.nvm/versions/node/v14.18.3/lib/node_modules/firebase-tools/lib/apiv2.js:288:77)
    at processTicksAndRejections (internal/process/task_queues.js:95:5)
[error] 
[error] Error: Failed to list Firebase projects. See firebase-debug.log for more info.
[debug] [2022-10-12T11:23:37.379Z] ----------------------------------------------------------------------
[debug] [2022-10-12T11:23:37.381Z] Command:       /Users/anushankar/.nvm/versions/node/v14.18.3/bin/node /Users/anushankar/.nvm/versions/node/v14.18.3/bin/firebase init
[debug] [2022-10-12T11:23:37.381Z] CLI Version:   11.14.2
[debug] [2022-10-12T11:23:37.381Z] Platform:      darwin
[debug] [2022-10-12T11:23:37.381Z] Node Version:  v14.18.3
[debug] [2022-10-12T11:23:37.383Z] Time:          Wed Oct 12 2022 16:53:37 GMT+0530 (India Standard Time)
[debug] [2022-10-12T11:23:37.383Z] ----------------------------------------------------------------------
[debug] 
[debug] [2022-10-12T11:23:37.388Z] > command requires scopes: ["email","openid","https://www.googleapis.com/auth/cloudplatformprojects.readonly","https://www.googleapis.com/auth/firebase","https://www.googleapis.com/auth/cloud-platform"]
[debug] [2022-10-12T11:23:37.388Z] > authorizing via signed-in user (anushankardivakaran@gmail.com)
[info] 
     ######## #### ########  ######## ########     ###     ######  ########
     ##        ##  ##     ## ##       ##     ##  ##   ##  ##       ##
     ######    ##  ########  ######   ########  #########  ######  ######
     ##        ##  ##    ##  ##       ##     ## ##     ##       ## ##
     ##       #### ##     ## ######## ########  ##     ##  ######  ########

You're about to initialize a Firebase project in this directory:

  /Users/anushankar/Desktop/work/personal/learning/exercise

[info] 
=== Project Setup
[info] 
[info] First, let's associate this project directory with a Firebase project.
[info] You can create multiple project aliases by running firebase use --add, 
[info] but for now we'll just set up a default project.
[info] 
[info] i  If you want to create a project in a Google Cloud organization or folder, please use "firebase projects:create" instead, and return to this command when you've created the project. 
[debug] [2022-10-12T11:24:15.037Z] > refreshing access token with scopes: []
[debug] [2022-10-12T11:24:15.041Z] >>> [apiv2][query] POST https://www.googleapis.com/oauth2/v3/token [none]
[debug] [2022-10-12T11:24:15.041Z] >>> [apiv2][body] POST https://www.googleapis.com/oauth2/v3/token [omitted]
[debug] [2022-10-12T11:24:15.227Z] <<< [apiv2][status] POST https://www.googleapis.com/oauth2/v3/token 400
[debug] [2022-10-12T11:24:15.228Z] <<< [apiv2][body] POST https://www.googleapis.com/oauth2/v3/token [omitted]
[debug] [2022-10-12T11:24:15.228Z] >>> [apiv2][query] POST https://cloudresourcemanager.googleapis.com/v1/projects [none]
[debug] [2022-10-12T11:24:15.229Z] >>> [apiv2][body] POST https://cloudresourcemanager.googleapis.com/v1/projects {"projectId":"anushankargymsite","name":"anushankargymweb"}
[debug] [2022-10-12T11:24:16.844Z] <<< [apiv2][status] POST https://cloudresourcemanager.googleapis.com/v1/projects 401
[debug] [2022-10-12T11:24:16.845Z] <<< [apiv2][body] POST https://cloudresourcemanager.googleapis.com/v1/projects {"error":{"code":401,"message":"Request had invalid authentication credentials. Expected OAuth 2 access token, login cookie or other valid authentication credential. See https://developers.google.com/identity/sign-in/web/devconsole-project.","status":"UNAUTHENTICATED","details":[{"@type":"type.googleapis.com/google.rpc.ErrorInfo","reason":"ACCESS_TOKEN_TYPE_UNSUPPORTED","metadata":{"method":"google.cloudresourcemanager.v1.Projects.CreateProject","service":"cloudresourcemanager.googleapis.com"}}]}}
[debug] [2022-10-12T11:24:17.287Z] FirebaseError: HTTP Error: 401, Request had invalid authentication credentials. Expected OAuth 2 access token, login cookie or other valid authentication credential. See https://developers.google.com/identity/sign-in/web/devconsole-project.
    at responseToError (/Users/anushankar/.nvm/versions/node/v14.18.3/lib/node_modules/firebase-tools/lib/responseToError.js:49:12)
    at RetryOperation._fn (/Users/anushankar/.nvm/versions/node/v14.18.3/lib/node_modules/firebase-tools/lib/apiv2.js:288:77)
    at processTicksAndRejections (internal/process/task_queues.js:95:5)
[error] 
[error] Error: Failed to create project. See firebase-debug.log for more info.
